<?xml version="1.0" encoding="UTF-8"?>
<!-- Generated by org.testng.reporters.JUnitReportReporter -->
<testsuite hostname="DESKTOP-VOKMTLI" failures="0" tests="1" name="com.Actitime.TestScript.CreateCustomer" time="12.589" errors="0" timestamp="2023-09-29T12:03:16 IST" skipped="0">
  <testcase classname="com.Actitime.TestScript.CreateCustomer" name="creatCustomer" time="12.589"/>
  <system-out>
    <![CDATA[Data Base Connected
browser launch successfully
logged in successfully
Logged out successfully
Browser Close successfully
Data Base disconnected]]>
  </system-out>
</testsuite> <!-- com.Actitime.TestScript.CreateCustomer -->
